


ARM Macro Assembler    Page 1 


    1 00000000         ;/******************************************************
                       ***********************
    2 00000000         ; * @file:    startup_LPC17xx.s
    3 00000000         ; * @purpose: CMSIS Cortex-M3 Core Device Startup File 
    4 00000000         ; *           for the NXP LPC17xx Device Series 
    5 00000000         ; * @version: V1.02
    6 00000000         ; * @date:    27. July 2009
    7 00000000         ; *------- <<< Use Configuration Wizard in Context Menu 
                       >>> ------------------
    8 00000000         ; *
    9 00000000         ; * Copyright (C) 2009 ARM Limited. All rights reserved.
                       
   10 00000000         ; * ARM Limited (ARM) is supplying this software for use
                        with Cortex-M3 
   11 00000000         ; * processor based microcontrollers.  This file can be 
                       freely distributed 
   12 00000000         ; * within development tools that are supporting such AR
                       M based processors. 
   13 00000000         ; *
   14 00000000         ; * THIS SOFTWARE IS PROVIDED "AS IS".  NO WARRANTIES, W
                       HETHER EXPRESS, IMPLIED
   15 00000000         ; * OR STATUTORY, INCLUDING, BUT NOT LIMITED TO, IMPLIED
                        WARRANTIES OF
   16 00000000         ; * MERCHANTABILITY AND FITNESS FOR A PARTICULAR PURPOSE
                        APPLY TO THIS SOFTWARE.
   17 00000000         ; * ARM SHALL NOT, IN ANY CIRCUMSTANCES, BE LIABLE FOR S
                       PECIAL, INCIDENTAL, OR
   18 00000000         ; * CONSEQUENTIAL DAMAGES, FOR ANY REASON WHATSOEVER.
   19 00000000         ; *
   20 00000000         ; ******************************************************
                       ***********************/
   21 00000000         
   22 00000000         
   23 00000000         ; <h> Stack Configuration
   24 00000000         ;   <o> Stack Size (in Bytes) <0x0-0xFFFFFFFF:8>
   25 00000000         ; </h>
   26 00000000         
   27 00000000 00000200 
                       Stack_Size
                               EQU              0x00000200
   28 00000000         
   29 00000000                 AREA             STACK, NOINIT, READWRITE, ALIGN
=3
   30 00000000         Stack_Mem
                               SPACE            Stack_Size
   31 00000200         __initial_sp
   32 00000200         
   33 00000200         
   34 00000200         ; <h> Heap Configuration
   35 00000200         ;   <o>  Heap Size (in Bytes) <0x0-0xFFFFFFFF:8>
   36 00000200         ; </h>
   37 00000200         
   38 00000200 00000000 
                       Heap_Size
                               EQU              0x00000000
   39 00000200         
   40 00000200                 AREA             HEAP, NOINIT, READWRITE, ALIGN=
3
   41 00000000         __heap_base



ARM Macro Assembler    Page 2 


   42 00000000         Heap_Mem
                               SPACE            Heap_Size
   43 00000000         __heap_limit
   44 00000000         
   45 00000000         
   46 00000000                 PRESERVE8
   47 00000000                 THUMB
   48 00000000         
   49 00000000         
   50 00000000         ; Vector Table Mapped to Address 0 at Reset
   51 00000000         
   52 00000000                 AREA             RESET, DATA, READONLY
   53 00000000                 EXPORT           __Vectors
   54 00000000         
   55 00000000 00000000 
                       __Vectors
                               DCD              __initial_sp ; Top of Stack
   56 00000004 00000000        DCD              Reset_Handler ; Reset Handler
   57 00000008 00000000        DCD              NMI_Handler ; NMI Handler
   58 0000000C 00000000        DCD              HardFault_Handler ; Hard Fault 
                                                            Handler
   59 00000010 00000000        DCD              MemManage_Handler 
                                                            ; MPU Fault Handler
                                                            
   60 00000014 00000000        DCD              BusFault_Handler 
                                                            ; Bus Fault Handler
                                                            
   61 00000018 00000000        DCD              UsageFault_Handler ; Usage Faul
                                                            t Handler
   62 0000001C 00000000        DCD              0           ; Reserved
   63 00000020 00000000        DCD              0           ; Reserved
   64 00000024 00000000        DCD              0           ; Reserved
   65 00000028 00000000        DCD              0           ; Reserved
   66 0000002C 00000000        DCD              SVC_Handler ; SVCall Handler
   67 00000030 00000000        DCD              DebugMon_Handler ; Debug Monito
                                                            r Handler
   68 00000034 00000000        DCD              0           ; Reserved
   69 00000038 00000000        DCD              PendSV_Handler ; PendSV Handler
                                                            
   70 0000003C 00000000        DCD              SysTick_Handler 
                                                            ; SysTick Handler
   71 00000040         
   72 00000040         ; External Interrupts
   73 00000040 00000000        DCD              WDT_IRQHandler ; 16: Watchdog T
                                                            imer
   74 00000044 00000000        DCD              TIMER0_IRQHandler ; 17: Timer0
   75 00000048 00000000        DCD              TIMER1_IRQHandler ; 18: Timer1
   76 0000004C 00000000        DCD              TIMER2_IRQHandler ; 19: Timer2
   77 00000050 00000000        DCD              TIMER3_IRQHandler ; 20: Timer3
   78 00000054 00000000        DCD              UART0_IRQHandler ; 21: UART0
   79 00000058 00000000        DCD              UART1_IRQHandler ; 22: UART1
   80 0000005C 00000000        DCD              UART2_IRQHandler ; 23: UART2
   81 00000060 00000000        DCD              UART3_IRQHandler ; 24: UART3
   82 00000064 00000000        DCD              PWM1_IRQHandler ; 25: PWM1
   83 00000068 00000000        DCD              I2C0_IRQHandler ; 26: I2C0
   84 0000006C 00000000        DCD              I2C1_IRQHandler ; 27: I2C1
   85 00000070 00000000        DCD              I2C2_IRQHandler ; 28: I2C2
   86 00000074 00000000        DCD              SPI_IRQHandler ; 29: SPI
   87 00000078 00000000        DCD              SSP0_IRQHandler ; 30: SSP0



ARM Macro Assembler    Page 3 


   88 0000007C 00000000        DCD              SSP1_IRQHandler ; 31: SSP1
   89 00000080 00000000        DCD              PLL0_IRQHandler ; 32: PLL0 Lock
                                                             (Main PLL)
   90 00000084 00000000        DCD              RTC_IRQHandler ; 33: Real Time 
                                                            Clock
   91 00000088 00000000        DCD              EINT0_IRQHandler ; 34: External
                                                             Interrupt 0
   92 0000008C 00000000        DCD              EINT1_IRQHandler ; 35: External
                                                             Interrupt 1
   93 00000090 00000000        DCD              EINT2_IRQHandler ; 36: External
                                                             Interrupt 2
   94 00000094 00000000        DCD              EINT3_IRQHandler ; 37: External
                                                             Interrupt 3
   95 00000098 00000000        DCD              ADC_IRQHandler 
                                                            ; 38: A/D Converter
                                                            
   96 0000009C 00000000        DCD              BOD_IRQHandler ; 39: Brown-Out 
                                                            Detect
   97 000000A0 00000000        DCD              USB_IRQHandler ; 40: USB
   98 000000A4 00000000        DCD              CAN_IRQHandler ; 41: CAN
   99 000000A8 00000000        DCD              DMA_IRQHandler ; 42: General Pu
                                                            rpose DMA
  100 000000AC 00000000        DCD              I2S_IRQHandler ; 43: I2S
  101 000000B0 00000000        DCD              ENET_IRQHandler ; 44: Ethernet
  102 000000B4 00000000        DCD              RIT_IRQHandler ; 45: Repetitive
                                                             Interrupt Timer
  103 000000B8 00000000        DCD              MCPWM_IRQHandler ; 46: Motor Co
                                                            ntrol PWM
  104 000000BC 00000000        DCD              QEI_IRQHandler ; 47: Quadrature
                                                             Encoder Interface
  105 000000C0 00000000        DCD              PLL1_IRQHandler ; 48: PLL1 Lock
                                                             (USB PLL)
  106 000000C4         
  107 000000C4         
  108 000000C4                 IF               :LNOT::DEF:NO_CRP
  109 000000C4                 AREA             |.ARM.__at_0x02FC|, CODE, READO
NLY
  110 00000000 FFFFFFFF 
                       CRP_Key DCD              0xFFFFFFFF
  111 00000004         
  112 00000004         
  113 00000004                 ENDIF
  114 00000004                 AREA             |.text|, CODE, READONLY
  115 00000000         
  116 00000000         
  117 00000000         ; Reset Handler
  118 00000000         ; GBLA    RUNAPP
  119 00000000         ;EXPORT  RUNAPP
  120 00000000         Reset_Handler
                               PROC
  121 00000000         
  122 00000000                 EXPORT           Reset_Handler             [WEAK
]
  123 00000000                 IMPORT           SystemInit
  124 00000000                 IMPORT           __main
  125 00000000                 IMPORT           IAP_JUMP_APP_FLAG ;
  126 00000000         
  127 00000000 4812            LDR              R0,=IAP_JUMP_APP_FLAG 
                                                            ;取得APP跳转标志



ARM Macro Assembler    Page 4 


  128 00000002 6800            LDR              R0,[R0]
  129 00000004 F04F 0101       LDR              R1,=0x01
  130 00000008 4281            CMP              R1,R0
  131 0000000A D0FE            BEQ              APP         ;如果APP已经设置为1
                                                            ，则跳转到APP程序
  132 0000000C         ;                LDR     R0, =SystemInit
  133 0000000C         ;               LDR R1,=0x00006004
  134 0000000C         ;               LDR R0,[R1]
  135 0000000C         ;             BX R0   
  136 0000000C         ;                BLX     R0
  137 0000000C 4810            LDR              R0, =__main
  138 0000000E 4700            BX               R0
  139 00000010                 ENDP
  140 00000010         ;APP跳转程序，使用汇编跳转
  141 00000010         APP     PROC
  142 00000010 480E            LDR              R0,=IAP_JUMP_APP_FLAG
  143 00000012 F04F 0100       LDR              R1,=0x00
  144 00000016 6801            LDR              R1,[R0]     ;将APP跳转标志清零
  145 00000018 F44F 40C0       LDR              R0,=0x00006000
  146 0000001C 6801            LDR              R1,[R0]
  147 0000001E F381 8808       msr              msp,r1      ;设置堆栈指针
  148 00000022 F246 0104       LDR              R1,=0x00006004 ;取得跳转地址
  149 00000026 6808            LDR              R0,[R1]
  150 00000028 4700            BX               R0
  151 0000002A                 ENDP
  152 0000002A         ; Dummy Exception Handlers (infinite loops which can be 
                       modified)                
  153 0000002A         
  154 0000002A         NMI_Handler
                               PROC
  155 0000002A                 EXPORT           NMI_Handler               [WEAK
]
  156 0000002A E7FE            B                .
  157 0000002C                 ENDP
  159 0000002C         HardFault_Handler
                               PROC
  160 0000002C                 EXPORT           HardFault_Handler         [WEAK
]
  161 0000002C E7FE            B                .
  162 0000002E                 ENDP
  164 0000002E         MemManage_Handler
                               PROC
  165 0000002E                 EXPORT           MemManage_Handler         [WEAK
]
  166 0000002E E7FE            B                .
  167 00000030                 ENDP
  169 00000030         BusFault_Handler
                               PROC
  170 00000030                 EXPORT           BusFault_Handler          [WEAK
]
  171 00000030 E7FE            B                .
  172 00000032                 ENDP
  174 00000032         UsageFault_Handler
                               PROC
  175 00000032                 EXPORT           UsageFault_Handler        [WEAK
]
  176 00000032 E7FE            B                .
  177 00000034                 ENDP
  178 00000034         SVC_Handler



ARM Macro Assembler    Page 5 


                               PROC
  179 00000034                 EXPORT           SVC_Handler               [WEAK
]
  180 00000034 E7FE            B                .
  181 00000036                 ENDP
  183 00000036         DebugMon_Handler
                               PROC
  184 00000036                 EXPORT           DebugMon_Handler          [WEAK
]
  185 00000036 E7FE            B                .
  186 00000038                 ENDP
  187 00000038         PendSV_Handler
                               PROC
  188 00000038                 EXPORT           PendSV_Handler            [WEAK
]
  189 00000038 E7FE            B                .
  190 0000003A                 ENDP
  191 0000003A         SysTick_Handler
                               PROC
  192 0000003A                 EXPORT           SysTick_Handler           [WEAK
]
  193 0000003A E7FE            B                .
  194 0000003C                 ENDP
  195 0000003C         
  196 0000003C         Default_Handler
                               PROC
  197 0000003C         
  198 0000003C                 EXPORT           WDT_IRQHandler            [WEAK
]
  199 0000003C                 EXPORT           TIMER0_IRQHandler         [WEAK
]
  200 0000003C                 EXPORT           TIMER1_IRQHandler         [WEAK
]
  201 0000003C                 EXPORT           TIMER2_IRQHandler         [WEAK
]
  202 0000003C                 EXPORT           TIMER3_IRQHandler         [WEAK
]
  203 0000003C                 EXPORT           UART0_IRQHandler          [WEAK
]
  204 0000003C                 EXPORT           UART1_IRQHandler          [WEAK
]
  205 0000003C                 EXPORT           UART2_IRQHandler          [WEAK
]
  206 0000003C                 EXPORT           UART3_IRQHandler          [WEAK
]
  207 0000003C                 EXPORT           PWM1_IRQHandler           [WEAK
]
  208 0000003C                 EXPORT           I2C0_IRQHandler           [WEAK
]
  209 0000003C                 EXPORT           I2C1_IRQHandler           [WEAK
]
  210 0000003C                 EXPORT           I2C2_IRQHandler           [WEAK
]
  211 0000003C                 EXPORT           SPI_IRQHandler            [WEAK
]
  212 0000003C                 EXPORT           SSP0_IRQHandler           [WEAK
]
  213 0000003C                 EXPORT           SSP1_IRQHandler           [WEAK
]



ARM Macro Assembler    Page 6 


  214 0000003C                 EXPORT           PLL0_IRQHandler           [WEAK
]
  215 0000003C                 EXPORT           RTC_IRQHandler            [WEAK
]
  216 0000003C                 EXPORT           EINT0_IRQHandler          [WEAK
]
  217 0000003C                 EXPORT           EINT1_IRQHandler          [WEAK
]
  218 0000003C                 EXPORT           EINT2_IRQHandler          [WEAK
]
  219 0000003C                 EXPORT           EINT3_IRQHandler          [WEAK
]
  220 0000003C                 EXPORT           ADC_IRQHandler            [WEAK
]
  221 0000003C                 EXPORT           BOD_IRQHandler            [WEAK
]
  222 0000003C                 EXPORT           USB_IRQHandler            [WEAK
]
  223 0000003C                 EXPORT           CAN_IRQHandler            [WEAK
]
  224 0000003C                 EXPORT           DMA_IRQHandler            [WEAK
]
  225 0000003C                 EXPORT           I2S_IRQHandler            [WEAK
]
  226 0000003C                 EXPORT           ENET_IRQHandler           [WEAK
]
  227 0000003C                 EXPORT           RIT_IRQHandler            [WEAK
]
  228 0000003C                 EXPORT           MCPWM_IRQHandler          [WEAK
]
  229 0000003C                 EXPORT           QEI_IRQHandler            [WEAK
]
  230 0000003C                 EXPORT           PLL1_IRQHandler           [WEAK
]
  231 0000003C         
  232 0000003C         WDT_IRQHandler
  233 0000003C         TIMER0_IRQHandler
  234 0000003C         TIMER1_IRQHandler
  235 0000003C         TIMER2_IRQHandler
  236 0000003C         TIMER3_IRQHandler
  237 0000003C         UART0_IRQHandler
  238 0000003C         UART1_IRQHandler
  239 0000003C         UART2_IRQHandler
  240 0000003C         UART3_IRQHandler
  241 0000003C         PWM1_IRQHandler
  242 0000003C         I2C0_IRQHandler
  243 0000003C         I2C1_IRQHandler
  244 0000003C         I2C2_IRQHandler
  245 0000003C         SPI_IRQHandler
  246 0000003C         SSP0_IRQHandler
  247 0000003C         SSP1_IRQHandler
  248 0000003C         PLL0_IRQHandler
  249 0000003C         RTC_IRQHandler
  250 0000003C         EINT0_IRQHandler
  251 0000003C         EINT1_IRQHandler
  252 0000003C         EINT2_IRQHandler
  253 0000003C         EINT3_IRQHandler
  254 0000003C         ADC_IRQHandler
  255 0000003C         BOD_IRQHandler



ARM Macro Assembler    Page 7 


  256 0000003C         USB_IRQHandler
  257 0000003C         CAN_IRQHandler
  258 0000003C         DMA_IRQHandler
  259 0000003C         I2S_IRQHandler
  260 0000003C         ENET_IRQHandler
  261 0000003C         RIT_IRQHandler
  262 0000003C         MCPWM_IRQHandler
  263 0000003C         QEI_IRQHandler
  264 0000003C         PLL1_IRQHandler
  265 0000003C         
  266 0000003C E7FE            B                .
  267 0000003E         
  268 0000003E                 ENDP
  269 0000003E         
  270 0000003E         
  271 0000003E 00 00           ALIGN
  272 00000040         
  273 00000040         
  274 00000040         ; User Initial Stack & Heap
  275 00000040         
  276 00000040                 IF               :DEF:__MICROLIB
  283 00000040         
  284 00000040                 IMPORT           __use_two_region_memory
  285 00000040                 EXPORT           __user_initial_stackheap
  286 00000040         __user_initial_stackheap
  287 00000040         
  288 00000040 4804            LDR              R0, =  Heap_Mem
  289 00000042 4905            LDR              R1, =(Stack_Mem + Stack_Size)
  290 00000044 4A03            LDR              R2, = (Heap_Mem +  Heap_Size)
  291 00000046 4B05            LDR              R3, = Stack_Mem
  292 00000048 4770            BX               LR
  293 0000004A         
  294 0000004A 00 00           ALIGN
  295 0000004C         
  296 0000004C                 ENDIF
  297 0000004C         
  298 0000004C         
  299 0000004C                 END
              00000000 
              00000000 
              00000000 
              00000200 
              00000000 
Command Line: --debug --xref --diag_suppress=9931 --cpu=Cortex-M3 --apcs=interw
ork --depend=.\objects\startup_lpc17xx.d -o.\objects\startup_lpc17xx.o -IE:\Wor
k\IAPPRO\Project\RTE -ID:\Keil\ARM\PACK\Keil\LPC1700_DFP\2.3.0\Device\Include -
ID:\Keil\ARM\CMSIS\Include --predefine="__UVISION_VERSION SETA 518" --predefine
="LPC177x_8x SETA 1" --list=.\listings\startup_lpc17xx.lst ..\Startup\startup_L
PC17xx.s



ARM Macro Assembler    Page 1 Alphabetic symbol ordering
Relocatable symbols

STACK 00000000

Symbol: STACK
   Definitions
      At line 29 in file ..\Startup\startup_LPC17xx.s
   Uses
      None
Comment: STACK unused
Stack_Mem 00000000

Symbol: Stack_Mem
   Definitions
      At line 30 in file ..\Startup\startup_LPC17xx.s
   Uses
      At line 289 in file ..\Startup\startup_LPC17xx.s
      At line 291 in file ..\Startup\startup_LPC17xx.s

__initial_sp 00000200

Symbol: __initial_sp
   Definitions
      At line 31 in file ..\Startup\startup_LPC17xx.s
   Uses
      At line 55 in file ..\Startup\startup_LPC17xx.s
Comment: __initial_sp used once
3 symbols



ARM Macro Assembler    Page 1 Alphabetic symbol ordering
Relocatable symbols

HEAP 00000000

Symbol: HEAP
   Definitions
      At line 40 in file ..\Startup\startup_LPC17xx.s
   Uses
      None
Comment: HEAP unused
Heap_Mem 00000000

Symbol: Heap_Mem
   Definitions
      At line 42 in file ..\Startup\startup_LPC17xx.s
   Uses
      At line 288 in file ..\Startup\startup_LPC17xx.s
      At line 290 in file ..\Startup\startup_LPC17xx.s

__heap_base 00000000

Symbol: __heap_base
   Definitions
      At line 41 in file ..\Startup\startup_LPC17xx.s
   Uses
      None
Comment: __heap_base unused
__heap_limit 00000000

Symbol: __heap_limit
   Definitions
      At line 43 in file ..\Startup\startup_LPC17xx.s
   Uses
      None
Comment: __heap_limit unused
4 symbols



ARM Macro Assembler    Page 1 Alphabetic symbol ordering
Relocatable symbols

RESET 00000000

Symbol: RESET
   Definitions
      At line 52 in file ..\Startup\startup_LPC17xx.s
   Uses
      None
Comment: RESET unused
__Vectors 00000000

Symbol: __Vectors
   Definitions
      At line 55 in file ..\Startup\startup_LPC17xx.s
   Uses
      At line 53 in file ..\Startup\startup_LPC17xx.s
Comment: __Vectors used once
2 symbols



ARM Macro Assembler    Page 1 Alphabetic symbol ordering
Relocatable symbols

.ARM.__at_0x02FC 00000000

Symbol: .ARM.__at_0x02FC
   Definitions
      At line 109 in file ..\Startup\startup_LPC17xx.s
   Uses
      None
Comment: .ARM.__at_0x02FC unused
CRP_Key 00000000

Symbol: CRP_Key
   Definitions
      At line 110 in file ..\Startup\startup_LPC17xx.s
   Uses
      None
Comment: CRP_Key unused
2 symbols



ARM Macro Assembler    Page 1 Alphabetic symbol ordering
Relocatable symbols

.text 00000000

Symbol: .text
   Definitions
      At line 114 in file ..\Startup\startup_LPC17xx.s
   Uses
      None
Comment: .text unused
ADC_IRQHandler 0000003C

Symbol: ADC_IRQHandler
   Definitions
      At line 254 in file ..\Startup\startup_LPC17xx.s
   Uses
      At line 95 in file ..\Startup\startup_LPC17xx.s
      At line 220 in file ..\Startup\startup_LPC17xx.s

APP 00000010

Symbol: APP
   Definitions
      At line 141 in file ..\Startup\startup_LPC17xx.s
   Uses
      At line 131 in file ..\Startup\startup_LPC17xx.s
Comment: APP used once
BOD_IRQHandler 0000003C

Symbol: BOD_IRQHandler
   Definitions
      At line 255 in file ..\Startup\startup_LPC17xx.s
   Uses
      At line 96 in file ..\Startup\startup_LPC17xx.s
      At line 221 in file ..\Startup\startup_LPC17xx.s

BusFault_Handler 00000030

Symbol: BusFault_Handler
   Definitions
      At line 169 in file ..\Startup\startup_LPC17xx.s
   Uses
      At line 60 in file ..\Startup\startup_LPC17xx.s
      At line 170 in file ..\Startup\startup_LPC17xx.s

CAN_IRQHandler 0000003C

Symbol: CAN_IRQHandler
   Definitions
      At line 257 in file ..\Startup\startup_LPC17xx.s
   Uses
      At line 98 in file ..\Startup\startup_LPC17xx.s
      At line 223 in file ..\Startup\startup_LPC17xx.s

DMA_IRQHandler 0000003C

Symbol: DMA_IRQHandler
   Definitions
      At line 258 in file ..\Startup\startup_LPC17xx.s
   Uses
      At line 99 in file ..\Startup\startup_LPC17xx.s



ARM Macro Assembler    Page 2 Alphabetic symbol ordering
Relocatable symbols

      At line 224 in file ..\Startup\startup_LPC17xx.s

DebugMon_Handler 00000036

Symbol: DebugMon_Handler
   Definitions
      At line 183 in file ..\Startup\startup_LPC17xx.s
   Uses
      At line 67 in file ..\Startup\startup_LPC17xx.s
      At line 184 in file ..\Startup\startup_LPC17xx.s

Default_Handler 0000003C

Symbol: Default_Handler
   Definitions
      At line 196 in file ..\Startup\startup_LPC17xx.s
   Uses
      None
Comment: Default_Handler unused
EINT0_IRQHandler 0000003C

Symbol: EINT0_IRQHandler
   Definitions
      At line 250 in file ..\Startup\startup_LPC17xx.s
   Uses
      At line 91 in file ..\Startup\startup_LPC17xx.s
      At line 216 in file ..\Startup\startup_LPC17xx.s

EINT1_IRQHandler 0000003C

Symbol: EINT1_IRQHandler
   Definitions
      At line 251 in file ..\Startup\startup_LPC17xx.s
   Uses
      At line 92 in file ..\Startup\startup_LPC17xx.s
      At line 217 in file ..\Startup\startup_LPC17xx.s

EINT2_IRQHandler 0000003C

Symbol: EINT2_IRQHandler
   Definitions
      At line 252 in file ..\Startup\startup_LPC17xx.s
   Uses
      At line 93 in file ..\Startup\startup_LPC17xx.s
      At line 218 in file ..\Startup\startup_LPC17xx.s

EINT3_IRQHandler 0000003C

Symbol: EINT3_IRQHandler
   Definitions
      At line 253 in file ..\Startup\startup_LPC17xx.s
   Uses
      At line 94 in file ..\Startup\startup_LPC17xx.s
      At line 219 in file ..\Startup\startup_LPC17xx.s

ENET_IRQHandler 0000003C

Symbol: ENET_IRQHandler
   Definitions



ARM Macro Assembler    Page 3 Alphabetic symbol ordering
Relocatable symbols

      At line 260 in file ..\Startup\startup_LPC17xx.s
   Uses
      At line 101 in file ..\Startup\startup_LPC17xx.s
      At line 226 in file ..\Startup\startup_LPC17xx.s

HardFault_Handler 0000002C

Symbol: HardFault_Handler
   Definitions
      At line 159 in file ..\Startup\startup_LPC17xx.s
   Uses
      At line 58 in file ..\Startup\startup_LPC17xx.s
      At line 160 in file ..\Startup\startup_LPC17xx.s

I2C0_IRQHandler 0000003C

Symbol: I2C0_IRQHandler
   Definitions
      At line 242 in file ..\Startup\startup_LPC17xx.s
   Uses
      At line 83 in file ..\Startup\startup_LPC17xx.s
      At line 208 in file ..\Startup\startup_LPC17xx.s

I2C1_IRQHandler 0000003C

Symbol: I2C1_IRQHandler
   Definitions
      At line 243 in file ..\Startup\startup_LPC17xx.s
   Uses
      At line 84 in file ..\Startup\startup_LPC17xx.s
      At line 209 in file ..\Startup\startup_LPC17xx.s

I2C2_IRQHandler 0000003C

Symbol: I2C2_IRQHandler
   Definitions
      At line 244 in file ..\Startup\startup_LPC17xx.s
   Uses
      At line 85 in file ..\Startup\startup_LPC17xx.s
      At line 210 in file ..\Startup\startup_LPC17xx.s

I2S_IRQHandler 0000003C

Symbol: I2S_IRQHandler
   Definitions
      At line 259 in file ..\Startup\startup_LPC17xx.s
   Uses
      At line 100 in file ..\Startup\startup_LPC17xx.s
      At line 225 in file ..\Startup\startup_LPC17xx.s

MCPWM_IRQHandler 0000003C

Symbol: MCPWM_IRQHandler
   Definitions
      At line 262 in file ..\Startup\startup_LPC17xx.s
   Uses
      At line 103 in file ..\Startup\startup_LPC17xx.s
      At line 228 in file ..\Startup\startup_LPC17xx.s




ARM Macro Assembler    Page 4 Alphabetic symbol ordering
Relocatable symbols

MemManage_Handler 0000002E

Symbol: MemManage_Handler
   Definitions
      At line 164 in file ..\Startup\startup_LPC17xx.s
   Uses
      At line 59 in file ..\Startup\startup_LPC17xx.s
      At line 165 in file ..\Startup\startup_LPC17xx.s

NMI_Handler 0000002A

Symbol: NMI_Handler
   Definitions
      At line 154 in file ..\Startup\startup_LPC17xx.s
   Uses
      At line 57 in file ..\Startup\startup_LPC17xx.s
      At line 155 in file ..\Startup\startup_LPC17xx.s

PLL0_IRQHandler 0000003C

Symbol: PLL0_IRQHandler
   Definitions
      At line 248 in file ..\Startup\startup_LPC17xx.s
   Uses
      At line 89 in file ..\Startup\startup_LPC17xx.s
      At line 214 in file ..\Startup\startup_LPC17xx.s

PLL1_IRQHandler 0000003C

Symbol: PLL1_IRQHandler
   Definitions
      At line 264 in file ..\Startup\startup_LPC17xx.s
   Uses
      At line 105 in file ..\Startup\startup_LPC17xx.s
      At line 230 in file ..\Startup\startup_LPC17xx.s

PWM1_IRQHandler 0000003C

Symbol: PWM1_IRQHandler
   Definitions
      At line 241 in file ..\Startup\startup_LPC17xx.s
   Uses
      At line 82 in file ..\Startup\startup_LPC17xx.s
      At line 207 in file ..\Startup\startup_LPC17xx.s

PendSV_Handler 00000038

Symbol: PendSV_Handler
   Definitions
      At line 187 in file ..\Startup\startup_LPC17xx.s
   Uses
      At line 69 in file ..\Startup\startup_LPC17xx.s
      At line 188 in file ..\Startup\startup_LPC17xx.s

QEI_IRQHandler 0000003C

Symbol: QEI_IRQHandler
   Definitions
      At line 263 in file ..\Startup\startup_LPC17xx.s



ARM Macro Assembler    Page 5 Alphabetic symbol ordering
Relocatable symbols

   Uses
      At line 104 in file ..\Startup\startup_LPC17xx.s
      At line 229 in file ..\Startup\startup_LPC17xx.s

RIT_IRQHandler 0000003C

Symbol: RIT_IRQHandler
   Definitions
      At line 261 in file ..\Startup\startup_LPC17xx.s
   Uses
      At line 102 in file ..\Startup\startup_LPC17xx.s
      At line 227 in file ..\Startup\startup_LPC17xx.s

RTC_IRQHandler 0000003C

Symbol: RTC_IRQHandler
   Definitions
      At line 249 in file ..\Startup\startup_LPC17xx.s
   Uses
      At line 90 in file ..\Startup\startup_LPC17xx.s
      At line 215 in file ..\Startup\startup_LPC17xx.s

Reset_Handler 00000000

Symbol: Reset_Handler
   Definitions
      At line 120 in file ..\Startup\startup_LPC17xx.s
   Uses
      At line 56 in file ..\Startup\startup_LPC17xx.s
      At line 122 in file ..\Startup\startup_LPC17xx.s

SPI_IRQHandler 0000003C

Symbol: SPI_IRQHandler
   Definitions
      At line 245 in file ..\Startup\startup_LPC17xx.s
   Uses
      At line 86 in file ..\Startup\startup_LPC17xx.s
      At line 211 in file ..\Startup\startup_LPC17xx.s

SSP0_IRQHandler 0000003C

Symbol: SSP0_IRQHandler
   Definitions
      At line 246 in file ..\Startup\startup_LPC17xx.s
   Uses
      At line 87 in file ..\Startup\startup_LPC17xx.s
      At line 212 in file ..\Startup\startup_LPC17xx.s

SSP1_IRQHandler 0000003C

Symbol: SSP1_IRQHandler
   Definitions
      At line 247 in file ..\Startup\startup_LPC17xx.s
   Uses
      At line 88 in file ..\Startup\startup_LPC17xx.s
      At line 213 in file ..\Startup\startup_LPC17xx.s

SVC_Handler 00000034



ARM Macro Assembler    Page 6 Alphabetic symbol ordering
Relocatable symbols


Symbol: SVC_Handler
   Definitions
      At line 178 in file ..\Startup\startup_LPC17xx.s
   Uses
      At line 66 in file ..\Startup\startup_LPC17xx.s
      At line 179 in file ..\Startup\startup_LPC17xx.s

SysTick_Handler 0000003A

Symbol: SysTick_Handler
   Definitions
      At line 191 in file ..\Startup\startup_LPC17xx.s
   Uses
      At line 70 in file ..\Startup\startup_LPC17xx.s
      At line 192 in file ..\Startup\startup_LPC17xx.s

TIMER0_IRQHandler 0000003C

Symbol: TIMER0_IRQHandler
   Definitions
      At line 233 in file ..\Startup\startup_LPC17xx.s
   Uses
      At line 74 in file ..\Startup\startup_LPC17xx.s
      At line 199 in file ..\Startup\startup_LPC17xx.s

TIMER1_IRQHandler 0000003C

Symbol: TIMER1_IRQHandler
   Definitions
      At line 234 in file ..\Startup\startup_LPC17xx.s
   Uses
      At line 75 in file ..\Startup\startup_LPC17xx.s
      At line 200 in file ..\Startup\startup_LPC17xx.s

TIMER2_IRQHandler 0000003C

Symbol: TIMER2_IRQHandler
   Definitions
      At line 235 in file ..\Startup\startup_LPC17xx.s
   Uses
      At line 76 in file ..\Startup\startup_LPC17xx.s
      At line 201 in file ..\Startup\startup_LPC17xx.s

TIMER3_IRQHandler 0000003C

Symbol: TIMER3_IRQHandler
   Definitions
      At line 236 in file ..\Startup\startup_LPC17xx.s
   Uses
      At line 77 in file ..\Startup\startup_LPC17xx.s
      At line 202 in file ..\Startup\startup_LPC17xx.s

UART0_IRQHandler 0000003C

Symbol: UART0_IRQHandler
   Definitions
      At line 237 in file ..\Startup\startup_LPC17xx.s
   Uses



ARM Macro Assembler    Page 7 Alphabetic symbol ordering
Relocatable symbols

      At line 78 in file ..\Startup\startup_LPC17xx.s
      At line 203 in file ..\Startup\startup_LPC17xx.s

UART1_IRQHandler 0000003C

Symbol: UART1_IRQHandler
   Definitions
      At line 238 in file ..\Startup\startup_LPC17xx.s
   Uses
      At line 79 in file ..\Startup\startup_LPC17xx.s
      At line 204 in file ..\Startup\startup_LPC17xx.s

UART2_IRQHandler 0000003C

Symbol: UART2_IRQHandler
   Definitions
      At line 239 in file ..\Startup\startup_LPC17xx.s
   Uses
      At line 80 in file ..\Startup\startup_LPC17xx.s
      At line 205 in file ..\Startup\startup_LPC17xx.s

UART3_IRQHandler 0000003C

Symbol: UART3_IRQHandler
   Definitions
      At line 240 in file ..\Startup\startup_LPC17xx.s
   Uses
      At line 81 in file ..\Startup\startup_LPC17xx.s
      At line 206 in file ..\Startup\startup_LPC17xx.s

USB_IRQHandler 0000003C

Symbol: USB_IRQHandler
   Definitions
      At line 256 in file ..\Startup\startup_LPC17xx.s
   Uses
      At line 97 in file ..\Startup\startup_LPC17xx.s
      At line 222 in file ..\Startup\startup_LPC17xx.s

UsageFault_Handler 00000032

Symbol: UsageFault_Handler
   Definitions
      At line 174 in file ..\Startup\startup_LPC17xx.s
   Uses
      At line 61 in file ..\Startup\startup_LPC17xx.s
      At line 175 in file ..\Startup\startup_LPC17xx.s

WDT_IRQHandler 0000003C

Symbol: WDT_IRQHandler
   Definitions
      At line 232 in file ..\Startup\startup_LPC17xx.s
   Uses
      At line 73 in file ..\Startup\startup_LPC17xx.s
      At line 198 in file ..\Startup\startup_LPC17xx.s

__user_initial_stackheap 00000040




ARM Macro Assembler    Page 8 Alphabetic symbol ordering
Relocatable symbols

Symbol: __user_initial_stackheap
   Definitions
      At line 286 in file ..\Startup\startup_LPC17xx.s
   Uses
      At line 285 in file ..\Startup\startup_LPC17xx.s
Comment: __user_initial_stackheap used once
47 symbols



ARM Macro Assembler    Page 1 Alphabetic symbol ordering
Absolute symbols

Heap_Size 00000000

Symbol: Heap_Size
   Definitions
      At line 38 in file ..\Startup\startup_LPC17xx.s
   Uses
      At line 42 in file ..\Startup\startup_LPC17xx.s
      At line 290 in file ..\Startup\startup_LPC17xx.s

Stack_Size 00000200

Symbol: Stack_Size
   Definitions
      At line 27 in file ..\Startup\startup_LPC17xx.s
   Uses
      At line 30 in file ..\Startup\startup_LPC17xx.s
      At line 289 in file ..\Startup\startup_LPC17xx.s

2 symbols



ARM Macro Assembler    Page 1 Alphabetic symbol ordering
External symbols

IAP_JUMP_APP_FLAG 00000000

Symbol: IAP_JUMP_APP_FLAG
   Definitions
      At line 125 in file ..\Startup\startup_LPC17xx.s
   Uses
      At line 127 in file ..\Startup\startup_LPC17xx.s
      At line 142 in file ..\Startup\startup_LPC17xx.s

SystemInit 00000000

Symbol: SystemInit
   Definitions
      At line 123 in file ..\Startup\startup_LPC17xx.s
   Uses
      None
Comment: SystemInit unused
__main 00000000

Symbol: __main
   Definitions
      At line 124 in file ..\Startup\startup_LPC17xx.s
   Uses
      At line 137 in file ..\Startup\startup_LPC17xx.s
Comment: __main used once
__use_two_region_memory 00000000

Symbol: __use_two_region_memory
   Definitions
      At line 284 in file ..\Startup\startup_LPC17xx.s
   Uses
      None
Comment: __use_two_region_memory unused
4 symbols
402 symbols in table
